=~=~=~=~=~=~=~=~=~=~=~= PuTTY log 2022.11.04 20:17:06 =~=~=~=~=~=~=~=~=~=~=~=
.......[0;32mI (37343) main: Status Message[0m

LED Turn ON 
.......LED Turn OFF 
.......[0;32mI (43054) main: Status Message[0m

LED Turn ON 
.......LED Turn OFF 
.......[0;32mI (48764) main: Status Message[0m

LED Turn ON 
.......LED Turn OFF 
.......[0;32mI (54475) main: Status Message[0m

LED Turn ON 
.......LED Turn OFF 
.......[0;32mI (60186) main: Status Message[0m

LED Turn ON 
.......LED Turn OFF 
.......[0;32mI (65896) main: Status Message[0m

LED Turn ON 
.......LED Turn OFF 
.......[0;32mI (71607) main: Status Message[0m

LED Turn ON 
.......LED Turn OFF 
.......[0;32mI (77317) main: Status Message[0m

LED Turn ON 
.......LED Turn OFF 
.......[0;32mI (83028) main: Status Message[0m

LED Turn ON 
.......LED Turn OFF 
.......[0;32mI (88738) main: Status Message[0m

LED Turn ON 
.......LED Turn OFF 
.......[0;32mI (94449) main: Status Message[0m

LED Turn ON 
.......LED Turn OFF 
.......[0;32mI (100160) main: Status Message[0m

LED Turn ON 
.......LED Turn OFF 
.......[0;32mI (105870) main: Status Message[0m

LED Turn ON 
.......LED Turn OFF 
.......[0;32mI (111581) main: Status Message[0m

LED Turn ON 
.......LED Turn OFF 
.......[0;32mI (117291) main: Status Message[0m

LED Turn ON 
.......LED Turn OFF 
.......[0;32mI (123002) main: Status Message[0m

LED Turn ON 
.......LED Turn OFF 
.......[0;32mI (128712) main: Status Message[0m

LED Turn ON 
.