=~=~=~=~=~=~=~=~=~=~=~= PuTTY log 2022.11.11 18:48:21 =~=~=~=~=~=~=~=~=~=~=~=
........[0;32mI (450592) main: Status Message[0m

LED Turn ON 

 ets Jan  8 2013,rst cause:2, boot mode:(3,7)

load 0x40100000, len 7536, room 16 
tail 0
chksum 0xe6
load 0x3ffe8408, len 24, room 8 
tail 0
chksum 0x5f
load 0x3ffe8420, len 3472, room 8 
tail 8
chksum 0x3a
csum 0x3a
[0;32mI (43) boot: ESP-IDF v3.4-73-gd48c4c17-dirty 2nd stage bootloader[0m
[0;32mI (43) boot: compile time 10:54:16[0m
[0;32mI (44) boot: SPI Speed      : 40MHz[0m
[0;32mI (50) boot: SPI Mode       : DIO[0m
[0;32mI (57) boot: SPI Flash Size : 1MB[0m
[0;32mI (63) boot: Partition Table:[0m
[0;32mI (68) boot: ## Label            Usage          Type ST Offset   Length[0m
[0;32mI (79) boot:  0 nvs              WiFi data        01 02 00009000 00006000[0m
[0;32mI (91) boot:  1 phy_init         RF data          01 01 0000f000 00001000[0m
[0;32mI (102) boot:  2 factory          factory app      00 00 00010000 000f0000[0m
[0;32mI (114) boot: End of partition table[0m
[0;32mI (121) esp_image: segment 0: paddr=0x00010010 vaddr=0x40210010 size=0x1666c ( 91756) map[0m
[0;32mI (172) esp_image: segment 1: paddr=0x00026684 vaddr=0x4022667c size=0x059bc ( 22972) map[0m
[0;32mI (182) esp_image: segment 2: paddr=0x0002c048 vaddr=0x3ffe8000 size=0x003dc (   988) load[0m
[0;32mI (184) esp_image: segment 3: paddr=0x0002c42c vaddr=0x40100000 size=0x00080 (   128) load[0m
[0;32mI (197) esp_image: segment 4: paddr=0x0002c4b4 vaddr=0x40100080 size=0x045dc ( 17884) load[0m
[0;32mI (218) boot: Loaded app from partition at offset 0x10000[0m
[0;32mI (239) gpio: GPIO[0]| InputEn: 0| OutputEn: 1| OpenDrain: 0| Pullup: 0| Pulldown: 0| Intr:0 [0m
LED Turn ON 
.......LED Turn OFF 
...LED Turn ON 
..........LED Turn ON 
........[0;32mI (11648) main: Status Message[0m

LED Turn ON 
.......LED Turn OFF 
...LED Turn ON 
..........LED Turn ON 
........[0;32mI (23199) main: Status Message[0m

LED Turn ON 
.......LED Turn OFF 
...LED Turn ON 
..........LED Turn ON 
........[0;32mI (34750) main: Status Message[0m

LED Turn ON 
.......LED Turn OFF 
...LED Turn ON 
..........LED Turn ON 
........[0;32mI (46301) main: Status Message[0m

LED Turn ON 
.......LED Turn OFF 
...LED Turn ON 
..........LED Turn ON 
........[0;32mI (57852) main: Status Message[0m

LED Turn ON 
.......LED Turn OFF 
...LED Turn ON 
..........LED Turn ON 
........[0;32mI (69403) main: Status Message[0m

LED Turn ON 
.......LED Turn OFF 
...LED Turn ON 
..........LED Turn ON 
........[0;32mI (80955) main: Status Message[0m

LED Turn ON 
.......LED Turn OFF 
...LED Turn ON 
..........LED Turn ON 
........[0;32mI (92506) main: Status Message[0m

LED Turn ON 
.......LED Turn OFF 
...LED Turn ON 
..........LED Turn ON 
........[0;32mI (104057) main: Status Message[0m

LED Turn ON 
.......LED Turn OFF 
...LED Turn ON 
..........LED Turn ON 
........[0;32mI (115608) main: Status Message[0m

LED Turn ON 
.......LED Turn OFF 
...LED Turn ON 
..........LED Turn ON 
........[0;32mI (127159) main: Status Message[0m

LED Turn ON 
.......LED Turn OFF 
...LED Turn ON 
..........LED Turn ON 
........[0;32mI (138710) main: Status Message[0m

LED Turn ON 
.......LED Turn OFF 
...LED Turn ON 
..........LED Turn ON 
........[0;32mI (150262) main: Status Message[0m

LED Turn ON 
.......LED Turn OFF 
...LED Turn ON 
..........LED Turn ON 
........[0;32mI (161813) main: Status Message[0m

LED Turn ON 
.......LED Turn OFF 
...LED Turn ON 
..........LED Turn ON 
........[0;32mI (173364) main: Status Message[0m

LED Turn ON 
.......LED Turn OFF 
...LED Turn ON 
..........LED Turn ON 
........[0;32mI (184915) main: Status Message[0m

LED Turn ON 
.......LED Turn OFF 
...LED Turn ON 
..........LED Turn ON 
........[0;32mI (196466) main: Status Message[0m

LED Turn ON 
.......LED Turn OFF 
...LED Turn ON 
..........LED Turn ON 
........[0;32mI (208017) main: Status Message[0m

LED Turn ON 
.......LED Turn OFF 
..Task            Abs. Time          %Time 
---------------------------------------
stats_delay    	17		<1
gpio_LOW       	51982730		24
status_msg     	25871		<1
IDLE           	2601324		1
gpio_HIGH      	156852340		74
Tmr Svc        	148627		<1
.LED Turn ON 
..........LED Turn ON 
........[0;32mI (219587) main: Status Message[0m

LED Turn ON 
.......LED Turn OFF 
...LED Turn ON 
..........LED Turn ON 
........[0;32mI (231120) main: Status Message[0m

LED Turn ON 
.......LED Turn OFF 
...LED Turn ON 
..........LED Turn ON 
........[0;32mI (242671) main: Status Message[0m

LED Turn ON 
.......LED Turn OFF 
...LED Turn ON 
..........LED Turn ON 
........[0;32mI (254222) main: Status Message[0m

LED Turn ON 
.......LED Turn OFF 
...LED Turn ON 
..........LED Turn ON 
