=~=~=~=~=~=~=~=~=~=~=~= PuTTY log 2022.11.11 19:07:39 =~=~=~=~=~=~=~=~=~=~=~=

 ets Jan  8 2013,rst cause:2, boot mode:(3,6)

load 0x40100000, len 7536, room 16 
tail 0
chksum 0xe6
load 0x3ffe8408, len 24, room 8 
tail 0
chksum 0x5f
load 0x3ffe8420, len 3472, room 8 
tail 8
chksum 0x3a
csum 0x3a
[0;32mI (43) boot: ESP-IDF v3.4-73-gd48c4c17-dirty 2nd stage bootloader[0m
[0;32mI (43) boot: compile time 10:54:16[0m
[0;32mI (44) boot: SPI Speed      : 40MHz[0m
[0;32mI (50) boot: SPI Mode       : DIO[0m
[0;32mI (57) boot: SPI Flash Size : 1MB[0m
[0;32mI (63) boot: Partition Table:[0m
[0;32mI (68) boot: ## Label            Usage          Type ST Offset   Length[0m
[0;32mI (79) boot:  0 nvs              WiFi data        01 02 00009000 00006000[0m
[0;32mI (91) boot:  1 phy_init         RF data          01 01 0000f000 00001000[0m
[0;32mI (102) boot:  2 factory          factory app      00 00 00010000 000f0000[0m
[0;32mI (114) boot: End of partition table[0m
[0;32mI (121) esp_image: segment 0: paddr=0x00010010 vaddr=0x40210010 size=0x1666c ( 91756) map[0m
[0;32mI (172) esp_image: segment 1: paddr=0x00026684 vaddr=0x4022667c size=0x059bc ( 22972) map[0m
[0;32mI (182) esp_image: segment 2: paddr=0x0002c048 vaddr=0x3ffe8000 size=0x003dc (   988) load[0m
[0;32mI (184) esp_image: segment 3: paddr=0x0002c42c vaddr=0x40100000 size=0x00080 (   128) load[0m
[0;32mI (197) esp_image: segment 4: paddr=0x0002c4b4 vaddr=0x40100080 size=0x045dc ( 17884) load[0m
[0;32mI (218) boot: Loaded app from partition at offset 0x10000[0m
[0;32mI (239) gpio: GPIO[0]| InputEn: 0| OutputEn: 1| OpenDrain: 0| Pullup: 0| Pulldown: 0| Intr:0 [0m
LED Turn ON 
.......[0;32mI (3094) main: Status Message[0m

LED Turn OFF 
...LED Turn ON 
.......[0;32mI (6944) main: Status Message[0m

...LED Turn ON 
.......[0;32mI (10795) main: Status Message[0m

.LED Turn ON 
.......[0;32mI (14645) main: Status Message[0m

LED Turn OFF 
...LED Turn ON 
.......[0;32mI (18495) main: Status Message[0m

...LED Turn ON 
.......[0;32mI (22346) main: Status Message[0m

.LED Turn ON 
.......[0;32mI (26196) main: Status Message[0m

LED Turn OFF 
...LED Turn ON 
.......[0;32mI (30046) main: Status Message[0m

...LED Turn ON 
.......[0;32mI (33897) main: Status Message[0m

.LED Turn ON 
.......[0;32mI (37747) main: Status Message[0m

LED Turn OFF 
...LED Turn ON 
.......[0;32mI (41598) main: Status Message[0m

...LED Turn ON 
.......[0;32mI (45448) main: Status Message[0m

.LED Turn ON 
.......[0;32mI (49298) main: Status Message[0m

LED Turn OFF 
...LED Turn ON 
.......[0;32mI (53149) main: Status Message[0m

...LED Turn ON 
.......[0;32mI (56999) main: Status Message[0m

.LED Turn ON 
.......[0;32mI (60850) main: Status Message[0m

LED Turn OFF 
...LED Turn ON 
.......[0;32mI (64700) main: Status Message[0m

...LED Turn ON 
.......[0;32mI (68550) main: Status Message[0m

.LED Turn ON 
.......[0;32mI (72401) main: Status Message[0m

LED Turn OFF 
...LED Turn ON 
.......[0;32mI (76251) main: Status Message[0m

...LED Turn ON 
.......[0;32mI (80101) main: Status Message[0m

.LED Turn ON 
.......[0;32mI (83952) main: Status Message[0m

LED Turn OFF 
...LED Turn ON 
.......[0;32mI (87802) main: Status Message[0m

...LED Turn ON 
.......[0;32mI (91653) main: Status Message[0m

.LED Turn ON 
.......[0;32mI (95503) main: Status Message[0m

LED Turn OFF 
...LED Turn ON 
.......[0;32mI (99353) main: Status Message[0m

...LED Turn ON 
.......[0;32mI (103204) main: Status Message[0m

.LED Turn ON 
.......[0;32mI (107054) main: Status Message[0m

LED Turn OFF 
...LED Turn ON 
.......[0;32mI (110905) main: Status Message[0m

...LED Turn ON 
.......[0;32mI (114755) main: Status Message[0m

.LED Turn ON 
.......[0;32mI (118605) main: Status Message[0m

LED Turn OFF 
...LED Turn ON 
.......[0;32mI (122456) main: Status Message[0m

...LED Turn ON 
.......[0;32mI (126306) main: Status Message[0m

.LED Turn ON 
.......[0;32mI (130156) main: Status Message[0m

LED Turn OFF 
...LED Turn ON 
.......[0;32mI (134007) main: Status Message[0m

...LED Turn ON 
.......[0;32mI (137857) main: Status Message[0m

.LED Turn ON 
.......[0;32mI (141708) main: Status Message[0m

LED Turn OFF 
...LED Turn ON 
.......[0;32mI (145558) main: Status Message[0m

...LED Turn ON 
.......[0;32mI (149408) main: Status Message[0m

.LED Turn ON 
.......[0;32mI (153259) main: Status Message[0m

LED Turn OFF 
...LED Turn ON 
.......[0;32mI (157109) main: Status Message[0m

...LED Turn ON 
.......[0;32mI (160960) main: Status Message[0m

.LED Turn ON 
.......[0;32mI (164810) main: Status Message[0m

LED Turn OFF 
...LED Turn ON 
.......[0;32mI (168660) main: Status Message[0m

...LED Turn ON 
.......[0;32mI (172511) main: Status Message[0m

.LED Turn ON 
.......[0;32mI (176361) main: Status Message[0m

LED Turn OFF 
...LED Turn ON 
.......[0;32mI (180212) main: Status Message[0m

...LED Turn ON 
.......[0;32mI (184062) main: Status Message[0m

.LED Turn ON 
.......[0;32mI (187912) main: Status Message[0m

LED Turn OFF 
...LED Turn ON 
.......[0;32mI (191763) main: Status Message[0m

...LED Turn ON 
.......[0;32mI (195613) main: Status Message[0m

.LED Turn ON 
.......[0;32mI (199463) main: Status Message[0m

LED Turn OFF 
...LED Turn ON 
.......Task            Abs. Time          %Time 
---------------------------------------
stats_delay    	17		<1
gpio_HIGH      	150957806		74
status_msg     	74435		<1
gpio_LOW       	49480220		24
IDLE           	2407298		1
Tmr Svc        	148627		<1
[0;32mI (203334) main: Status Message[0m

...LED Turn ON 
.......[0;32mI (207184) main: Status Message[0m

.LED Turn ON 
.......[0;32mI (211035) main: Status Message[0m

LED Turn OFF 
...LED Turn ON 
.......[0;32mI (214885) main: Status Message[0m

...LED Turn ON 
.......[0;32mI (218735) main: Status Message[0m

.LED Turn ON 
.......[0;32mI (222586) main: Status Message[0m

LED Turn OFF 
...LED Turn ON 
.......[0;32mI (226436) main: Status Message[0m

...LED Turn ON 
.