=~=~=~=~=~=~=~=~=~=~=~= PuTTY log 2022.11.11 17:49:14 =~=~=~=~=~=~=~=~=~=~=~=

 ets Jan  8 2013,rst cause:2, boot mode:(3,6)

load 0x40100000, len 7536, room 16 
tail 0
chksum 0xe6
load 0x3ffe8408, len 24, room 8 
tail 0
chksum 0x5f
load 0x3ffe8420, len 3472, room 8 
tail 8
chksum 0x3a
csum 0x3a
[0;32mI (43) boot: ESP-IDF v3.4-73-gd48c4c17-dirty 2nd stage bootloader[0m
[0;32mI (43) boot: compile time 10:54:16[0m
[0;32mI (44) boot: SPI Speed      : 40MHz[0m
[0;32mI (50) boot: SPI Mode       : DIO[0m
[0;32mI (57) boot: SPI Flash Size : 1MB[0m
[0;32mI (63) boot: Partition Table:[0m
[0;32mI (68) boot: ## Label            Usage          Type ST Offset   Length[0m
[0;32mI (79) boot:  0 nvs              WiFi data        01 02 00009000 00006000[0m
[0;32mI (91) boot:  1 phy_init         RF data          01 01 0000f000 00001000[0m
[0;32mI (102) boot:  2 factory          factory app      00 00 00010000 000f0000[0m
[0;32mI (114) boot: End of partition table[0m
[0;32mI (121) esp_image: segment 0: paddr=0x00010010 vaddr=0x40210010 size=0x1666c ( 91756) map[0m
[0;32mI (172) esp_image: segment 1: paddr=0x00026684 vaddr=0x4022667c size=0x059bc ( 22972) map[0m
[0;32mI (182) esp_image: segment 2: paddr=0x0002c048 vaddr=0x3ffe8000 size=0x003dc (   988) load[0m
[0;32mI (184) esp_image: segment 3: paddr=0x0002c42c vaddr=0x40100000 size=0x00080 (   128) load[0m
[0;32mI (197) esp_image: segment 4: paddr=0x0002c4b4 vaddr=0x40100080 size=0x045dc ( 17884) load[0m
[0;32mI (218) boot: Loaded app from partition at offset 0x10000[0m
[0;32mI (239) gpio: GPIO[0]| InputEn: 0| OutputEn: 1| OpenDrain: 0| Pullup: 0| Pulldown: 0| Intr:0 [0m
LED Turn ON 
.......[0;32mI (3094) main: Status Message[0m

LED Turn OFF 
...[0;32mI (4093) main: Status Message[0m

LED Turn ON 
...[0;32mI (5093) main: Status Message[0m

...[0;32mI (6093) main: Status Message[0m

..[0;32mI (7093) main: Status Message[0m

..LED Turn ON 
.[0;32mI (8093) main: Status Message[0m

...[0;32mI (9093) main: Status Message[0m

..[0;32mI (10093) main: Status Message[0m

.[0;32mI (11094) main: Status Message[0m

.LED Turn ON 
.[0;32mI (12094) main: Status Message[0m

...[0;32mI (13094) main: Status Message[0m

..[0;32mI (14094) main: Status Message[0m

.LED Turn OFF 
..[0;32mI (15094) main: Status Message[0m

.LED Turn ON 
..[0;32mI (16094) main: Status Message[0m

..[0;32mI (17094) main: Status Message[0m

...[0;32mI (18094) main: Status Message[0m

..[0;32mI (19094) main: Status Message[0m

.LED Turn ON 
..[0;32mI (20094) main: Status Message[0m

...[0;32mI (21095) main: Status Message[0m

..[0;32mI (22095) main: Status Message[0m

.[0;32mI (23095) main: Status Message[0m

LED Turn ON 
...[0;32mI (24095) main: Status Message[0m

..[0;32mI (25095) main: Status Message[0m

..[0;32mI (26095) main: Status Message[0m

LED Turn OFF 
...[0;32mI (27095) main: Status Message[0m

LED Turn ON 
...[0;32mI (28095) main: Status Message[0m

..[0;32mI (29095) main: Status Message[0m

..[0;32mI (30095) main: Status Message[0m

...LED Turn ON 
.[0;32mI (31096) main: Status Message[0m

..[0;32mI (32096) main: Status Message[0m

...[0;32mI (33096) main: Status Message[0m

.[0;32mI (34096) main: Status Message[0m

.LED Turn ON 
.[0;32mI (35096) main: Status Message[0m

...[0;32mI (36096) main: Status Message[0m

..[0;32mI (37096) main: Status Message[0m

.LED Turn OFF 
..[0;32mI (38096) main: Status Message[0m

.LED Turn ON 
..[0;32mI (39096) main: Status Message[0m

..[0;32mI (40096) main: Status Message[0m

..[0;32mI (41097) main: Status Message[0m

...[0;32mI (42097) main: Status Message[0m

.LED Turn ON 
..[0;32mI (43097) main: Status Message[0m

...[0;32mI (44097) main: Status Message[0m

..[0;32mI (45097) main: Status Message[0m

.[0;32mI (46097) main: Status Message[0m

LED Turn ON 
..[0;32mI (47097) main: Status Message[0m

...[0;32mI (48097) main: Status Message[0m

..[0;32mI (49097) main: Status Message[0m

LED Turn OFF 
...[0;32mI (50097) main: Status Message[0m

LED Turn ON 
...[0;32mI (51098) main: Status Message[0m

..[0;32mI (52098) main: Status Message[0m

..[0;32mI (53098) main: Status Message[0m

..[0;32mI (54098) main: Status Message[0m

.LED Turn ON 
...[0;32mI (55098) main: Status Message[0m

...[0;32mI (56098) main: Status Message[0m

.[0;32mI (57098) main: Status Message[0m

.LED Turn ON 
.[0;32mI (58098) main: Status Message[0m

...[0;32mI (59098) main: Status Message[0m

..[0;32mI (60098) main: Status Message[0m

.LED Turn OFF 
.[0;32mI (61099) main: Status Message[0m

..LED Turn ON 
.[0;32mI (62099) main: Status Message[0m

...[0;32mI (63099) main: Status Message[0m

..[0;32mI (64099) main: Status Message[0m

..[0;32mI (65099) main: Status Message[0m

..LED Turn ON 
..[0;32mI (66099) main: Status Message[0m

..[0;32mI (67099) main: Status Message[0m

...[0;32mI (68099) main: Status Message[0m

.[0;32mI (69099) main: Status Message[0m

LED Turn ON 
..[0;32mI (70099) main: Status Message[0m

...[0;32mI (71100) main: Status Message[0m

..[0;32mI (72100) main: Status Message[0m

LED Turn OFF 
...[0;32mI (73100) main: Status Message[0m

LED Turn ON 
...[0;32mI (74100) main: Status Message[0m

..[0;32mI (75100) main: Status Message[0m

..[0;32mI (76100) main: Status Message[0m

..[0;32mI (77100) main: Status Message[0m

.LED Turn ON 
...[0;32mI (78100) main: Status Message[0m

..[0;32mI (79100) main: Status Message[0m

..[0;32mI (80100) main: Status Message[0m

.[0;32mI (81101) main: Status Message[0m

LED Turn ON 
...[0;32mI (82101) main: Status Message[0m

...[0;32mI (83101) main: Status Message[0m

.LED Turn OFF 
.[0;32mI (84101) main: Status Message[0m

..LED Turn ON 
.[0;32mI (85101) main: Status Message[0m

...[0;32mI (86101) main: Status Message[0m

..[0;32mI (87101) main: Status Message[0m

..[0;32mI (88101) main: Status Message[0m

..LED Turn ON 
.[0;32mI (89101) main: Status Message[0m

...[0;32mI (90101) main: Status Message[0m

..[0;32mI (91102) main: Status Message[0m

..[0;32mI (92102) main: Status Message[0m

LED Turn ON 
..[0;32mI (93102) main: Status Message[0m

..[0;32mI (94102) main: Status Message[0m

...[0;32mI (95102) main: Status Message[0m

LED Turn OFF 
..[0;32mI (96102) main: Status Message[0m

.LED Turn ON 
..[0;32mI (97102) main: Status Message[0m

...[0;32mI (98102) main: Status Message[0m

..[0;32mI (99102) main: Status Message[0m

..[0;32mI (100102) main: Status Message[0m

.LED Turn ON 
...[0;32mI (101103) main: Status Message[0m

..[0;32mI (102103) main: Status Message[0m

..[0;32mI (103103) main: Status Message[0m

.[0;32mI (104103) main: Status Message[0m

LED Turn ON 
...[0;32mI (105103) main: Status Message[0m

..[0;32mI (106103) main: Status Message[0m

..LED Turn OFF 
.[0;32mI (107103) main: Status Message[0m

..LED Turn ON 
.[0;32mI (108103) main: Status Message[0m

..[0;32mI (109103) main: Status Message[0m

...[0;32mI (110103) main: Status Message[0m

..[0;32mI (111104) main: Status Message[0m

..LED Turn ON 
.[0;32mI (112104) main: Status Message[0m

...[0;32mI (113104) main: Status Message[0m

..[0;32mI (114104) main: Status Message[0m

.[0;32mI (115104) main: Status Message[0m

.LED Turn ON 
..[0;32mI (116104) main: Status Message[0m

..[0;32mI (117104) main: Status Message[0m

..[0;32mI (118104) main: Status Message[0m

.LED Turn OFF 
..[0;32mI (119104) main: Status Message[0m

.LED Turn ON 
..[0;32mI (120104) main: Status Message[0m

...[0;32mI (121105) main: Status Message[0m

..[0;32mI (122105) main: Status Message[0m

..[0;32mI (123105) main: Status Message[0m

.LED Turn ON 
..[0;32mI (124105) main: Status Message[0m

...[0;32mI (125105) main: Status Message[0m

..[0;32mI (126105) main: Status Message[0m

.[0;32mI (127105) main: Status Message[0m

LED Turn ON 
...[0;32mI (128105) main: Status Message[0m

..[0;32mI (129105) main: Status Message[0m

..[0;32mI (130105) main: Status Message[0m

LED Turn OFF 
...[0;32mI (131106) main: Status Message[0m

LED Turn ON 
...[0;32mI (132106) main: Status Message[0m

...[0;32mI (133106) main: Status Message[0m

..[0;32mI (134106) main: Status Message[0m

..LED Turn ON 
.[0;32mI (135106) main: Status Message[0m

...[0;32mI (136106) main: Status Message[0m

..[0;32mI (137106) main: Status Message[0m

.[0;32mI (138106) main: Status Message[0m

.LED Turn ON 
.[0;32mI (139106) main: Status Message[0m

...[0;32mI (140106) main: Status Message[0m

..[0;32mI (141107) main: Status Message[0m

.LED Turn OFF 
..[0;32mI (142107) main: Status Message[0m

.LED Turn ON 
..[0;32mI (143107) main: Status Message[0m

..[0;32mI (144107) main: Status Message[0m

...[0;32mI (145107) main: Status Message[0m

..[0;32mI (146107) main: Status Message[0m

.LED Turn ON 
..[0;32mI (147107) main: Status Message[0m

...[0;32mI (148107) main: Status Message[0m

..[0;32mI (149107) main: Status Message[0m

.[0;32mI (150107) main: Status Message[0m

LED Turn ON 
...[0;32mI (151108) main: Status Message[0m

..[0;32mI (152108) main: Status Message[0m

..[0;32mI (153108) main: Status Message[0m

LED Turn OFF 
...[0;32mI (154108) main: Status Message[0m

LED Turn ON 
...[0;32mI (155108) main: Status Message[0m

..[0;32mI (156108) main: Status Message[0m

..[0;32mI (157108) main: Status Message[0m

...[0;32mI (158108) main: Status Message[0m

LED Turn ON 
...[0;32mI (159108) main: Status Message[0m

...[0;32mI (160108) main: Status Message[0m

.[0;32mI (161109) main: Status Message[0m

.LED Turn ON 
.[0;32mI (162109) main: Status Message[0m

...[0;32mI (163109) main: Status Message[0m

..[0;32mI (164109) main: Status Message[0m

.LED Turn OFF 
.[0;32mI (165109) main: Status Message[0m

..LED Turn ON 
.[0;32mI (166109) main: Status Message[0m

...[0;32mI (167109) main: Status Message[0m

..[0;32mI (168109) main: Status Message[0m

..[0;32mI (169109) main: Status Message[0m

..LED Turn ON 
..[0;32mI (170109) main: Status Message[0m

..[0;32mI (171110) main: Status Message[0m

...[0;32mI (172110) main: Status Message[0m

.[0;32mI (173110) main: Status Message[0m

LED Turn ON 
..[0;32mI (174110) main: Status Message[0m

...[0;32mI (175110) main: Status Message[0m

..[0;32mI (176110) main: Status Message[0m

LED Turn OFF 
...[0;32mI (177110) main: Status Message[0m

LED Turn ON 
...[0;32mI (178110) main: Status Message[0m

..[0;32mI (179110) main: Status Message[0m

..[0;32mI (180110) main: Status Message[0m

..[0;32mI (181111) main: Status Message[0m

.LED Turn ON 
...[0;32mI (182111) main: Status Message[0m

..[0;32mI (183111) main: Status Message[0m

..[0;32mI (184111) main: Status Message[0m

.LED Turn ON 
.[0;32mI (185111) main: Status Message[0m

..[0;32mI (186111) main: Status Message[0m

...[0;32mI (187111) main: Status Message[0m

.LED Turn OFF 
.[0;32mI (188111) main: Status Message[0m

..LED Turn ON 
.[0;32mI (189111) main: Status Message[0m

...[0;32mI (190111) main: Status Message[0m

..[0;32mI (191112) main: Status Message[0m

..[0;32mI (192112) main: Status Message[0m

..LED Turn ON 
..[0;32mI (193112) main: Status Message[0m

..[0;32mI (194112) main: Status Message[0m

..[0;32mI (195112) main: Status Message[0m

..[0;32mI (196112) main: Status Message[0m

LED Turn ON 
..[0;32mI (197112) main: Status Message[0m

...[0;32mI (198112) main: Status Message[0m

..[0;32mI (199112) main: Status Message[0m

LED Turn OFF 
..[0;32mI (200112) main: Status Message[0m

.LED Turn ON 
..[0;32mI (201113) main: Status Message[0m

...[0;32mI (202113) main: Status Message[0m

..[0;32mI (203113) main: Status Message[0m

Task            Abs. Time          %Time 
---------------------------------------
stats_delay    	18		<1
gpio_HIGH      	150956011		74
gpio_LOW       	49476191		24
IDLE           	2201635		1
status_msg     	285923		<1
Tmr Svc        	148627		<1
..[0;32mI (204113) main: Status Message[0m

.LED Turn ON 
...[0;32mI (205113) main: Status Message[0m

..[0;32mI (206113) main: Status Message[0m

..[0;32mI (207113) main: Status Message[0m

.[0;32mI (208113) main: Status Message[0m

LED Turn ON 
...[0;32mI (209113) main: Status Message[0m

..[0;32mI (210113) main: Status Message[0m

..LED Turn OFF 
.[0;32mI (211114) main: Status Message[0m

..LED Turn ON 
.[0;32mI (212114) main: Status Message[0m

..[0;32mI (213114) main: Status Message[0m

...[0;32mI (214114) main: Status Message[0m

..[0;32mI (215114) main: Status Message[0m

..LED Turn ON 
.[0;32mI (216114) main: Status Message[0m

...[0;32mI (217114) main: Status Message[0m

..[0;32mI (218114) main: Status Message[0m

.[0;32mI (219114) main: Status Message[0m

.