=~=~=~=~=~=~=~=~=~=~=~= PuTTY log 2022.11.11 17:33:11 =~=~=~=~=~=~=~=~=~=~=~=

 ets Jan  8 2013,rst cause:2, boot mode:(3,6)

load 0x40100000, len 7536, room 16 
tail 0
chksum 0xe6
load 0x3ffe8408, len 24, room 8 
tail 0
chksum 0x5f
load 0x3ffe8420, len 3472, room 8 
tail 8
chksum 0x3a
csum 0x3a
[0;32mI (43) boot: ESP-IDF v3.4-73-gd48c4c17-dirty 2nd stage bootloader[0m
[0;32mI (43) boot: compile time 10:54:16[0m
[0;32mI (44) boot: SPI Speed      : 40MHz[0m
[0;32mI (50) boot: SPI Mode       : DIO[0m
[0;32mI (57) boot: SPI Flash Size : 1MB[0m
[0;32mI (63) boot: Partition Table:[0m
[0;32mI (68) boot: ## Label            Usage          Type ST Offset   Length[0m
[0;32mI (79) boot:  0 nvs              WiFi data        01 02 00009000 00006000[0m
[0;32mI (91) boot:  1 phy_init         RF data          01 01 0000f000 00001000[0m
[0;32mI (102) boot:  2 factory          factory app      00 00 00010000 000f0000[0m
[0;32mI (114) boot: End of partition table[0m
[0;32mI (121) esp_image: segment 0: paddr=0x00010010 vaddr=0x40210010 size=0x1666c ( 91756) map[0m
[0;32mI (172) esp_image: segment 1: paddr=0x00026684 vaddr=0x4022667c size=0x059bc ( 22972) map[0m
[0;32mI (182) esp_image: segment 2: paddr=0x0002c048 vaddr=0x3ffe8000 size=0x003dc (   988) load[0m
[0;32mI (184) esp_image: segment 3: paddr=0x0002c42c vaddr=0x40100000 size=0x00080 (   128) load[0m
[0;32mI (197) esp_image: segment 4: paddr=0x0002c4b4 vaddr=0x40100080 size=0x045dc ( 17884) load[0m
[0;32mI (218) boot: Loaded app from partition at offset 0x10000[0m
[0;32mI (239) gpio: GPIO[0]| InputEn: 0| OutputEn: 1| OpenDrain: 0| Pullup: 0| Pulldown: 0| Intr:0 [0m
LED Turn OFF 
.......LED Turn ON 
.[0;32mI (3103) main: Status Message[0m

..LED Turn OFF 
.[0;32mI (4103) main: Status Message[0m

..[0;32mI (5103) main: Status Message[0m

...[0;32mI (6103) main: Status Message[0m

..[0;32mI (7103) main: Status Message[0m

..LED Turn OFF 
.[0;32mI (8103) main: Status Message[0m

...[0;32mI (9103) main: Status Message[0m

..[0;32mI (10103) main: Status Message[0m

.[0;32mI (11104) main: Status Message[0m

.LED Turn OFF 
.[0;32mI (12104) main: Status Message[0m

...[0;32mI (13104) main: Status Message[0m

..[0;32mI (14104) main: Status Message[0m

.LED Turn ON 
..[0;32mI (15104) main: Status Message[0m

.LED Turn OFF 
..[0;32mI (16104) main: Status Message[0m

..[0;32mI (17104) main: Status Message[0m

...[0;32mI (18104) main: Status Message[0m

..[0;32mI (19104) main: Status Message[0m

.LED Turn OFF 
..[0;32mI (20104) main: Status Message[0m

...[0;32mI (21105) main: Status Message[0m

..[0;32mI (22105) main: Status Message[0m

.[0;32mI (23105) main: Status Message[0m

LED Turn OFF 
...[0;32mI (24105) main: Status Message[0m

..[0;32mI (25105) main: Status Message[0m

..[0;32mI (26105) main: Status Message[0m

LED Turn ON 
...[0;32mI (27105) main: Status Message[0m

LED Turn OFF 
...[0;32mI (28105) main: Status Message[0m

..[0;32mI (29105) main: Status Message[0m

..[0;32mI (30105) main: Status Message[0m

...LED Turn OFF 
.[0;32mI (31106) main: Status Message[0m

..[0;32mI (32106) main: Status Message[0m

...[0;32mI (33106) main: Status Message[0m

.[0;32mI (34106) main: Status Message[0m

.LED Turn OFF 
.[0;32mI (35106) main: Status Message[0m

...[0;32mI (36106) main: Status Message[0m

..[0;32mI (37106) main: Status Message[0m

.LED Turn ON 
..[0;32mI (38106) main: Status Message[0m

.LED Turn OFF 
..[0;32mI (39106) main: Status Message[0m

..[0;32mI (40106) main: Status Message[0m

..[0;32mI (41107) main: Status Message[0m

...[0;32mI (42107) main: Status Message[0m

.LED Turn OFF 
..[0;32mI (43107) main: Status Message[0m

...[0;32mI (44107) main: Status Message[0m

..[0;32mI (45107) main: Status Message[0m

.[0;32mI (46107) main: Status Message[0m

LED Turn OFF 
..[0;32mI (47107) main: Status Message[0m

...[0;32mI (48107) main: Status Message[0m

..[0;32mI (49107) main: Status Message[0m

LED Turn ON 
...[0;32mI (50107) main: Status Message[0m

LED Turn OFF 
...[0;32mI (51108) main: Status Message[0m

..[0;32mI (52108) main: Status Message[0m

..[0;32mI (53108) main: Status Message[0m

...[0;32mI (54108) main: Status Message[0m

LED Turn OFF 
...[0;32mI (55108) main: Status Message[0m

...[0;32mI (56108) main: Status Message[0m

.[0;32mI (57108) main: Status Message[0m

.LED Turn OFF 
.[0;32mI (58108) main: Status Message[0m

...[0;32mI (59108) main: Status Message[0m

..[0;32mI (60108) main: Status Message[0m

.LED Turn ON 
.[0;32mI (61109) main: Status Message[0m

..LED Turn OFF 
.[0;32mI (62109) main: Status Message[0m

...[0;32mI (63109) main: Status Message[0m

..[0;32mI (64109) main: Status Message[0m

..[0;32mI (65109) main: Status Message[0m

..LED Turn OFF 
..[0;32mI (66109) main: Status Message[0m

..[0;32mI (67109) main: Status Message[0m

...[0;32mI (68109) main: Status Message[0m

.[0;32mI (69109) main: Status Message[0m

LED Turn OFF 
..[0;32mI (70109) main: Status Message[0m

...[0;32mI (71110) main: Status Message[0m

..[0;32mI (72110) main: Status Message[0m

LED Turn ON 
...[0;32mI (73110) main: Status Message[0m

LED Turn OFF 
...[0;32mI (74110) main: Status Message[0m

..[0;32mI (75110) main: Status Message[0m

..[0;32mI (76110) main: Status Message[0m

..[0;32mI (77110) main: Status Message[0m

.LED Turn OFF 
...[0;32mI (78110) main: Status Message[0m

..[0;32mI (79110) main: Status Message[0m

..[0;32mI (80110) main: Status Message[0m

.LED Turn OFF 
.[0;32mI (81111) main: Status Message[0m

..[0;32mI (82111) main: Status Message[0m

...[0;32mI (83111) main: Status Message[0m

.LED Turn ON 
.[0;32mI (84111) main: Status Message[0m

..LED Turn OFF 
.[0;32mI (85111) main: Status Message[0m

...[0;32mI (86111) main: Status Message[0m

..[0;32mI (87111) main: Status Message[0m

..[0;32mI (88111) main: Status Message[0m

..LED Turn OFF 
.[0;32mI (89111) main: Status Message[0m

...[0;32mI (90111) main: Status Message[0m

..[0;32mI (91112) main: Status Message[0m

..[0;32mI (92112) main: Status Message[0m

LED Turn OFF 
..[0;32mI (93112) main: Status Message[0m

..[0;32mI (94112) main: Status Message[0m

...[0;32mI (95112) main: Status Message[0m

LED Turn ON 
..[0;32mI (96112) main: Status Message[0m

.LED Turn OFF 
..[0;32mI (97112) main: Status Message[0m

...[0;32mI (98112) main: Status Message[0m

..[0;32mI (99112) main: Status Message[0m

..[0;32mI (100112) main: Status Message[0m

.LED Turn OFF 
...[0;32mI (101113) main: Status Message[0m

..[0;32mI (102113) main: Status Message[0m

..[0;32mI (103113) main: Status Message[0m

.[0;32mI (104113) main: Status Message[0m

LED Turn OFF 
...[0;32mI (105113) main: Status Message[0m

..[0;32mI (106113) main: Status Message[0m

..LED Turn ON 
.[0;32mI (107113) main: Status Message[0m

..LED Turn OFF 
.[0;32mI (108113) main: Status Message[0m

..[0;32mI (109113) main: Status Message[0m

...[0;32mI (110113) main: Status Message[0m

..[0;32mI (111114) main: Status Message[0m

..LED Turn OFF 
.[0;32mI (112114) main: Status Message[0m

...[0;32mI (113114) main: Status Message[0m

..[0;32mI (114114) main: Status Message[0m

.[0;32mI (115114) main: Status Message[0m

.LED Turn OFF 
..[0;32mI (116114) main: Status Message[0m

..[0;32mI (117114) main: Status Message[0m

..[0;32mI (118114) main: Status Message[0m

.LED Turn ON 
..[0;32mI (119114) main: Status Message[0m

.LED Turn OFF 
..[0;32mI (120114) main: Status Message[0m

...[0;32mI (121115) main: Status Message[0m

..[0;32mI (122115) main: Status Message[0m

..[0;32mI (123115) main: Status Message[0m

.LED Turn OFF 
..[0;32mI (124115) main: Status Message[0m

...[0;32mI (125115) main: Status Message[0m

..[0;32mI (126115) main: Status Message[0m

.[0;32mI (127115) main: Status Message[0m

LED Turn OFF 
...[0;32mI (128115) main: Status Message[0m

..[0;32mI (129115) main: Status Message[0m

..[0;32mI (130115) main: Status Message[0m

LED Turn ON 
...[0;32mI (131116) main: Status Message[0m

LED Turn OFF 
...[0;32mI (132116) main: Status Message[0m

...[0;32mI (133116) main: Status Message[0m

..[0;32mI (134116) main: Status Message[0m

..LED Turn OFF 
.[0;32mI (135116) main: Status Message[0m

...[0;32mI (136116) main: Status Message[0m

..[0;32mI (137116) main: Status Message[0m

.[0;32mI (138116) main: Status Message[0m

.LED Turn OFF 
.[0;32mI (139116) main: Status Message[0m

...[0;32mI (140116) main: Status Message[0m

..[0;32mI (141117) main: Status Message[0m

.LED Turn ON 
..[0;32mI (142117) main: Status Message[0m

.LED Turn OFF 
..[0;32mI (143117) main: Status Message[0m

..[0;32mI (144117) main: Status Message[0m

...[0;32mI (145117) main: Status Message[0m

..[0;32mI (146117) main: Status Message[0m

.LED Turn OFF 
..[0;32mI (147117) main: Status Message[0m

...[0;32mI (148117) main: Status Message[0m

..[0;32mI (149117) main: Status Message[0m

.[0;32mI (150117) main: Status Message[0m

LED Turn OFF 
...[0;32mI (151118) main: Status Message[0m

..[0;32mI (152118) main: Status Message[0m

..[0;32mI (153118) main: Status Message[0m

LED Turn ON 
...[0;32mI (154118) main: Status Message[0m

LED Turn OFF 
...[0;32mI (155118) main: Status Message[0m

..[0;32mI (156118) main: Status Message[0m

..[0;32mI (157118) main: Status Message[0m

...LED Turn OFF 
.[0;32mI (158118) main: Status Message[0m

..[0;32mI (159118) main: Status Message[0m

...[0;32mI (160118) main: Status Message[0m

.[0;32mI (161119) main: Status Message[0m

.LED Turn OFF 
.[0;32mI (162119) main: Status Message[0m

...[0;32mI (163119) main: Status Message[0m

..[0;32mI (164119) main: Status Message[0m

.LED Turn ON 
.[0;32mI (165119) main: Status Message[0m

..LED Turn OFF 
.[0;32mI (166119) main: Status Message[0m

...[0;32mI (167119) main: Status Message[0m

..[0;32mI (168119) main: Status Message[0m

..[0;32mI (169119) main: Status Message[0m

..LED Turn OFF 
..[0;32mI (170119) main: Status Message[0m

..[0;32mI (171120) main: Status Message[0m

...[0;32mI (172120) main: Status Message[0m

.[0;32mI (173120) main: Status Message[0m

LED Turn OFF 
..[0;32mI (174120) main: Status Message[0m

...[0;32mI (175120) main: Status Message[0m

..[0;32mI (176120) main: Status Message[0m

LED Turn ON 
...[0;32mI (177120) main: Status Message[0m

LED Turn OFF 
...[0;32mI (178120) main: Status Message[0m

..[0;32mI (179120) main: Status Message[0m

..[0;32mI (180120) main: Status Message[0m

..[0;32mI (181121) main: Status Message[0m

.LED Turn OFF 
...[0;32mI (182121) main: Status Message[0m

..[0;32mI (183121) main: Status Message[0m

..[0;32mI (184121) main: Status Message[0m

.LED Turn OFF 
.[0;32mI (185121) main: Status Message[0m

..[0;32mI (186121) main: Status Message[0m

...[0;32mI (187121) main: Status Message[0m

.LED Turn ON 
.[0;32mI (188121) main: Status Message[0m

..LED Turn OFF 
.[0;32mI (189121) main: Status Message[0m

...[0;32mI (190121) main: Status Message[0m

..[0;32mI (191122) main: Status Message[0m

..[0;32mI (192122) main: Status Message[0m

..LED Turn OFF 
..[0;32mI (193122) main: Status Message[0m

..[0;32mI (194122) main: Status Message[0m

..[0;32mI (195122) main: Status Message[0m

..[0;32mI (196122) main: Status Message[0m

LED Turn OFF 
..[0;32mI (197122) main: Status Message[0m

...[0;32mI (198122) main: Status Message[0m

..[0;32mI (199122) main: Status Message[0m

LED Turn ON 
..[0;32mI (200122) main: Status Message[0m

.LED Turn OFF 
..[0;32mI (201123) main: Status Message[0m

...[0;32mI (202123) main: Status Message[0m

..[0;32mI (203123) main: Status Message[0m

Task            Abs. Time          %Time 
---------------------------------------
stats_delay    	18		<1
gpio_LOW       	150965947		74
gpio_HIGH      	49476199		24
IDLE           	2202182		1
status_msg     	285461		<1
Tmr Svc        	148627		<1
..[0;32mI (204123) main: Status Message[0m

.LED Turn OFF 
...[0;32mI (205123) main: Status Message[0m

..[0;32mI (206123) main: Status Message[0m

..[0;32mI (207123) main: Status Message[0m

.[0;32mI (208123) main: Status Message[0m

LED Turn OFF 
...[0;32mI (209123) main: Status Message[0m

...[0;32mI (210123) main: Status Message[0m

.LED Turn ON 
.[0;32mI (211124) main: Status Message[0m

..LED Turn OFF 
.[0;32mI (212124) main: Status Message[0m

...[0;32mI (213124) main: Status Message[0m

..[0;32mI (214124) main: Status Message[0m

.