=~=~=~=~=~=~=~=~=~=~=~= PuTTY log 2022.11.11 13:36:23 =~=~=~=~=~=~=~=~=~=~=~=
áuc_ay½¥@.[0;32mI (452128) main: Status Message[0m

LED Turn OFF 
.LED Turn ON 
..[0;32mI (453138) main: Status Message[0m

..[0;32mI (454148) main: Status Message[0m

...[0;32mI (455158) main: Status Message[0m

..[0;32mI (456168) main: Status Message[0m

..[0;32mI (457178) main: Status Message[0m

..[0;32mI (458182) main: Status Message[0m

LED Turn OFF 
.[0;32mI (459188) main: Status Message[0m

LED Turn ON 
...[0;32mI (460199) main: Status Message[0m

...[0;32mI (461209) main: Status Message[0m

..[0;32mI (462219) main: Status Message[0m

..[0;32mI (463229) main: Status Message[0m

...[0;32mI (464239) main: Status Message[0m

[0;32mI (465239) main: Status Message[0m

LED Turn OFF 
.LED Turn ON 
..[0;32mI (466249) main: Status Message[0m

...[0;32mI (467259) main: Status Message[0m

..[0;32mI (468269) main: Status Message[0m

..[0;32mI (469279) main: Status Message[0m

...[0;32mI (470290) main: Status Message[0m

.[0;32mI (471290) main: Status Message[0m

LED Turn OFF 
.[0;32mI (472290) main: Status Message[0m

LED Turn ON 
....[0;32mI (473300) main: Status Message[0m

..[0;32mI (474310) main: Status Message[0m

...[0;32mI (475320) main: Status Message[0m

..[0;32mI (476330) main: Status Message[0m

..[0;32mI (477340) main: Status Message[0m

[0;32mI (478340) main: Status Message[0m

LED Turn OFF 
.LED Turn ON 
..[0;32mI (479350) main: Status Message[0m

...[0;32mI (480361) main: Status Message[0m

...[0;32mI (481371) main: Status Message[0m

..[0;32mI (482381) main: Status Message[0m

..[0;32mI (483391) main: Status Message[0m

.[0;32mI (484391) main: Status Message[0m

LED Turn OFF 
.LED Turn ON 
.[0;32mI (485401) main: Status Message[0m

...[0;32mI (486411) main: Status Message[0m

..[0;32mI (487421) main: Status Message[0m

...[0;32mI (488431) main: Status Message[0m

..[0;32mI (489441) main: Status Message[0m

..[0;32mI (490452) main: Status Message[0m

[0;32mI (491452) main: Status Message[0m

LED Turn OFF 
.LED Turn ON 
...[0;32mI (492462) main: Status Message[0m

..[0;32mI (493472) main: Status Message[0m

...[0;32mI (494482) main: Status Message[0m

..[0;32mI (495492) main: Status Message[0m

..[0;32mI (496502) main: Status Message[0m

.[0;32mI (497502) main: Status Message[0m

LED Turn OFF 
.LED Turn ON 
.[0;32mI (498512) main: Status Message[0m

...[0;32mI (499522) main: Status Message[0m

...[0;32mI (500533) main: Status Message[0m

..[0;32mI (501543) main: Status Message[0m

..[0;32mI (502553) main: Status Message[0m

..[0;32mI (503563) main: Status Message[0m

[0;32mI (504563) main: Status Message[0m

LED Turn OFF 
.LED Turn ON 
...[0;32mI (505573) main: Status Message[0m

..[0;32mI (506583) main: Status Message[0m

...[0;32mI (507593) main: Status Message[0m

..[0;32mI (508603) main: Status Message[0m

...[0;32mI (509613) main: Status Message[0m

[0;32mI (510614) main: Status Message[0m

LED Turn OFF 
.LED Turn ON 
..[0;32mI (511624) main: Status Message[0m

..[0;32mI (512634) main: Status Message[0m

...[0;32mI (513644) main: Status Message[0m

..[0;32mI (514654) main: Status Message[0m

..[0;32mI (515664) main: Status Message[0m

..[0;32mI (516674) main: Status Message[0m

[0;32mI (517674) main: Status Message[0m

LED Turn OFF 
.LED Turn ON 
...[0;32mI (518684) main: Status Message[0m

..[0;32mI (519694) main: Status Message[0m

...[0;32mI (520705) main: Status Message[0m

..[0;32mI (521715) main: Status Message[0m

...[0;32mI (522725) main: Status Message[0m

[0;32mI (523725) main: Status Message[0m

LED Turn OFF 
.LED Turn ON 
..[0;32mI (524735) main: Status Message[0m

...[0;32mI (525745) main: Status Message[0m

..[0;32mI (526755) main: Status Message[0m

..[0;32mI (527765) main: Status Message[0m

..[0;32mI (528775) main: Status Message[0m

..[0;32mI (529785) main: Status Message[0m

[0;32mI (530786) main: Status Message[0m

LED Turn OFF 
.LED Turn ON 
...[0;32mI (531796) main: Status Message[0m

..[0;32mI (532806) main: Status Message[0m

...[0;32mI (533816) main: Status Message[0m

...[0;32mI (534826) main: Status Message[0m

..[0;32mI (535836) main: Status Message[0m

[0;32mI (536836) main: Status Message[0m

LED Turn OFF 
.LED Turn ON 
.[0;32mI (537846) main: Status Message[0m

....[0;32mI (538856) main: Status Message[0m

..[0;32mI (539866) main: Status Message[0m

..[0;32mI (540877) main: Status Message[0m

..[0;32mI (541887) main: Status Message[0m

..[0;32mI (542897) main: Status Message[0m

[0;32mI (543897) main: Status Message[0m

LED Turn OFF 
.LED Turn ON 
...[0;32mI (544907) main: Status Message[0m

..[0;32mI (545917) main: Status Message[0m

...[0;32mI (546927) main: Status Message[0m

..[0;32mI (547937) main: Status Message[0m

...[0;32mI (548947) main: Status Message[0m

[0;32mI (549947) main: Status Message[0m

LED Turn OFF 
.LED Turn ON 
.[0;32mI (550958) main: Status Message[0m

...[0;32mI (551968) main: Status Message[0m

...[0;32mI (552978) main: Status Message[0m

..[0;32mI (553988) main: Status Message[0m

..[0;32mI (554998) main: Status Message[0m

..[0;32mI (556008) main: Status Message[0m

[0;32mI (557008) main: Status Message[0m

LED Turn OFF 
.LED Turn ON 
...[0;32mI (558018) main: Status Message[0m

..[0;32mI (559028) main: Status Message[0m

...[0;32mI (560038) main: Status Message[0m

..[0;32mI (561049) main: Status Message[0m

...[0;32mI (562059) main: Status Message[0m

[0;32mI (563059) main: Status Message[0m

LED Turn OFF 
.LED Turn ON 
.[0;32mI (564069) main: Status Message[0m

...[0;32mI (565079) main: Status Message[0m

...[0;32mI (566089) main: Status Message[0m

..[0;32mI (567099) main: Status Message[0m

..[0;32mI (568109) main: Status Message[0m

..[0;32mI (569119) main: Status Message[0m

[0;32mI (570119) main: Status Message[0m

LED Turn OFF 
.LED Turn ON 
...[0;32mI (571130) main: Status Message[0m

..[0;32mI (572140) main: Status Message[0m

..[0;32mI (573150) main: Status Message[0m

..[0;32mI (574160) main: Status Message[0m

...[0;32mI (575170) main: Status Message[0m

.[0;32mI (576170) main: Status Message[0m

LED Turn OFF 
.LED Turn ON 
.[0;32mI (577180) main: Status Message[0m

..[0;32mI (578190) main: Status Message[0m

...[0;32mI (579200) main: Status Message[0m

...[0;32mI (580211) main: Status Message[0m

..[0;32mI (581221) main: Status Message[0m

..[0;32mI (582231) main: Status Message[0m

[0;32mI (583231) main: Status Message[0m

LED Turn OFF 
.LED Turn ON 
..[0;32mI (584241) main: Status Message[0m

...[0;32mI (585251) main: Status Message[0m

..[0;32mI (586261) main: Status Message[0m

..[0;32mI (587271) main: Status Message[0m

..[0;32mI (588281) main: Status Message[0m

..[0;32mI (589291) main: Status Message[0m

[0;32mI (590292) main: Status Message[0m

LED Turn OFF 
.LED Turn ON 
...[0;32mI (591302) main: Status Message[0m

..[0;32mI (592312) main: Status Message[0m

....[0;32mI (593322) main: Status Message[0m

..[0;32mI (594332) main: Status Message[0m

..[0;32mI (595342) main: Status Message[0m

[0;32mI (596342) main: Status Message[0m

LED Turn OFF 
.LED Turn ON 
.[0;32mI (597352) main: Status Message[0m

....[0;32mI (598362) main: Status Message[0m

..[0;32mI (599372) main: Status Message[0m

..[0;32mI (600383) main: Status Message[0m

..[0;32mI (601393) main: Status Message[0m

..[0;32mI (602403) main: Status Message[0m

[0;32mI (603403) main: Status Message[0m

LED Turn OFF 
.LED Turn ON 
...[0;32mI (604413) main: Status Message[0m

..[0;32mI (605423) main: Status Message[0m

..[0;32mI (606433) main: Status Message[0m

..[0;32mI (607443) main: Status Message[0m

....[0;32mI (608453) main: Status Message[0m

Task            Abs.    Time       %Time 
---------------------------------------
gpio_HIGH      	282145282		46
stats_delay    	29635		<1
gpio_LOW       	279314188		45
IDLE           	46642217		7
status_msg     	648258		<1
Tmr Svc        	148654		<1
[0;32mI (609453) main: Status Message[0m

LED Turn OFF 
.LED Turn ON 
.[0;32mI (610464) main: Status Message[0m

..[0;32mI (611474) main: Status Message[0m

..[0;32mI (612484) main: Status Message[0m

....[0;32mI (613494) main: Status Message[0m

..[0;32mI (614504) main: Status Message[0m

..[0;32mI (615514) main: Status Message[0m

[0;32mI (616514) main: Status Message[0m

LED Turn OFF 
.LED Turn ON 
.[0;32mI (617524) main: Status Message[0m

....[0;32mI (618534) main: Status Message[0m

..[0;32mI (619544) main: Status Message[0m

..[0;32mI (620555) main: Status Message[0m

..[0;32mI (621565) main: Status Message[0m

..[0;32mI (622575) main: Status Message[0m

[0;32mI (623575) main: Status Message[0m

LED Turn OFF 
.LED Turn ON 
...[0;32mI (624585) main: Status Message[0m

..[0;32mI (625595) main: Status Message[0m

..[0;32mI (626605) main: Status Message[0m

....[0;32mI (627615) main: Status Message[0m

..[0;32mI (628625) main: Status Message[0m

[0;32mI (629625) main: Status Message[0m

LED Turn OFF 
.LED Turn ON 
.[0;32mI (630636) main: Status Message[0m

..[0;32mI (631646) main: Status Message[0m

....[0;32mI (632656) main: Status Message[0m

..[0;32mI (633666) main: Status Message[0m

..[0;32mI (634676) main: Status Message[0m

..[0;32mI (635686) main: Status Message[0m

[0;32mI (636686) main: Status Message[0m

LED Turn OFF 
.LED Turn ON 
.[0;32mI (637696) main: Status Message[0m

....[0;32mI (638706) main: Status Message[0m

..[0;32mI (639716) main: Status Message[0m

..[0;32mI (640727) main: Status Message[0m

..[0;32mI (641737) main: Status Message[0m

..[0;32mI (642747) main: Status Message[0m

